time="2025-01-20T22:17:59+05:00" level=info msg="Getting DB config..."
time="2025-01-20T22:17:59+05:00" level=info msg="Successfully loaded DB config"
time="2025-01-20T22:17:59+05:00" level=info msg="Connecting to DB..."
time="2025-01-20T22:18:03+05:00" level=info msg="Successfully established connection with DB"
time="2025-01-20T22:18:03+05:00" level=info msg="Setting up gin engine..."
time="2025-01-20T22:20:09+05:00" level=info msg="Getting DB config..."
time="2025-01-20T22:20:09+05:00" level=info msg="Successfully loaded DB config"
time="2025-01-20T22:20:09+05:00" level=info msg="Connecting to DB..."
time="2025-01-20T22:20:12+05:00" level=info msg="Successfully established connection with DB"
time="2025-01-20T22:20:12+05:00" level=info msg="Setting up gin engine..."
time="2025-01-20T22:21:08+05:00" level=info msg="Getting DB config..."
time="2025-01-20T22:21:08+05:00" level=info msg="Successfully loaded DB config"
time="2025-01-20T22:21:08+05:00" level=info msg="Connecting to DB..."
time="2025-01-20T22:21:11+05:00" level=info msg="Successfully established connection with DB"
time="2025-01-20T22:21:11+05:00" level=info msg="Setting up gin engine..."
time="2025-01-20T22:21:54+05:00" level=info msg="Getting DB config..."
time="2025-01-20T22:21:54+05:00" level=info msg="Successfully loaded DB config"
time="2025-01-20T22:21:54+05:00" level=info msg="Connecting to DB..."
time="2025-01-20T22:21:57+05:00" level=info msg="Successfully established connection with DB"
time="2025-01-20T22:21:57+05:00" level=info msg="Setting up gin engine..."
time="2025-01-20T22:22:31+05:00" level=info msg="Getting DB config..."
time="2025-01-20T22:22:31+05:00" level=info msg="Successfully loaded DB config"
time="2025-01-20T22:22:31+05:00" level=info msg="Connecting to DB..."
time="2025-01-20T22:22:34+05:00" level=info msg="Successfully established connection with DB"
time="2025-01-20T22:22:34+05:00" level=info msg="Setting up gin engine..."
time="2025-01-20T22:23:56+05:00" level=info msg="Getting DB config..."
time="2025-01-20T22:23:56+05:00" level=info msg="Successfully loaded DB config"
time="2025-01-20T22:23:56+05:00" level=info msg="Connecting to DB..."
time="2025-01-20T22:23:59+05:00" level=info msg="Successfully established connection with DB"
time="2025-01-20T22:23:59+05:00" level=info msg="Setting up gin engine..."
time="2025-01-20T22:23:59+05:00" level=info msg="Closing DB connection...."
time="2025-01-20T22:24:21+05:00" level=info msg="Getting DB config..."
time="2025-01-20T22:24:21+05:00" level=info msg="Successfully loaded DB config"
time="2025-01-20T22:24:21+05:00" level=info msg="Connecting to DB..."
time="2025-01-20T22:24:24+05:00" level=info msg="Successfully established connection with DB"
time="2025-01-20T22:24:24+05:00" level=info msg="Setting up gin engine..."
time="2025-01-20T22:31:48+05:00" level=info msg="Getting DB config..."
time="2025-01-20T22:31:48+05:00" level=info msg="Successfully loaded DB config"
time="2025-01-20T22:31:48+05:00" level=info msg="Connecting to DB..."
time="2025-01-20T22:31:52+05:00" level=info msg="Successfully established connection with DB"
time="2025-01-20T22:31:52+05:00" level=info msg="Setting up gin engine..."
time="2025-01-20T22:32:19+05:00" level=info msg="Getting DB config..."
time="2025-01-20T22:32:19+05:00" level=info msg="Successfully loaded DB config"
time="2025-01-20T22:32:19+05:00" level=info msg="Connecting to DB..."
time="2025-01-20T22:32:22+05:00" level=info msg="Successfully established connection with DB"
time="2025-01-20T22:32:22+05:00" level=info msg="Setting up gin engine..."
time="2025-01-20T22:34:19+05:00" level=info msg="Getting DB config..."
time="2025-01-20T22:34:19+05:00" level=info msg="Successfully loaded DB config"
time="2025-01-20T22:34:19+05:00" level=info msg="Connecting to DB..."
time="2025-01-20T22:34:22+05:00" level=info msg="Successfully established connection with DB"
time="2025-01-20T22:34:22+05:00" level=info msg="Setting up gin engine..."
time="2025-01-20T22:34:52+05:00" level=info msg="Getting DB config..."
time="2025-01-20T22:34:52+05:00" level=info msg="Successfully loaded DB config"
time="2025-01-20T22:34:52+05:00" level=info msg="Connecting to DB..."
time="2025-01-20T22:34:55+05:00" level=info msg="Successfully established connection with DB"
time="2025-01-20T22:34:55+05:00" level=info msg="Setting up gin engine..."
time="2025-01-20T22:40:21+05:00" level=info msg="Getting DB config..."
time="2025-01-20T22:40:21+05:00" level=info msg="Successfully loaded DB config"
time="2025-01-20T22:40:21+05:00" level=info msg="Connecting to DB..."
time="2025-01-20T22:40:25+05:00" level=info msg="Successfully established connection with DB"
time="2025-01-20T22:40:25+05:00" level=info msg="Setting up gin engine..."
time="2025-01-20T22:42:17+05:00" level=info msg="Getting DB config..."
time="2025-01-20T22:42:17+05:00" level=info msg="Successfully loaded DB config"
time="2025-01-20T22:42:17+05:00" level=info msg="Connecting to DB..."
time="2025-01-20T22:42:19+05:00" level=info msg="Successfully established connection with DB"
time="2025-01-20T22:42:19+05:00" level=info msg="Setting up gin engine..."
time="2025-01-20T22:42:52+05:00" level=info msg="Getting DB config..."
time="2025-01-20T22:42:52+05:00" level=info msg="Successfully loaded DB config"
time="2025-01-20T22:42:52+05:00" level=info msg="Connecting to DB..."
time="2025-01-20T22:42:55+05:00" level=info msg="Successfully established connection with DB"
time="2025-01-20T22:42:55+05:00" level=info msg="Setting up gin engine..."
time="2025-01-20T22:45:15+05:00" level=info msg="Getting DB config..."
time="2025-01-20T22:45:15+05:00" level=info msg="Successfully loaded DB config"
time="2025-01-20T22:45:15+05:00" level=info msg="Connecting to DB..."
time="2025-01-20T22:45:18+05:00" level=info msg="Successfully established connection with DB"
time="2025-01-20T22:45:18+05:00" level=info msg="Setting up gin engine..."
time="2025-01-20T22:47:09+05:00" level=info msg="Getting DB config..."
time="2025-01-20T22:47:09+05:00" level=info msg="Successfully loaded DB config"
time="2025-01-20T22:47:09+05:00" level=info msg="Connecting to DB..."
time="2025-01-20T22:47:12+05:00" level=info msg="Successfully established connection with DB"
time="2025-01-20T22:47:12+05:00" level=info msg="Setting up gin engine..."
time="2025-01-20T22:48:03+05:00" level=info msg="Getting DB config..."
time="2025-01-20T22:48:03+05:00" level=info msg="Successfully loaded DB config"
time="2025-01-20T22:48:03+05:00" level=info msg="Connecting to DB..."
time="2025-01-20T22:48:06+05:00" level=info msg="Successfully established connection with DB"
time="2025-01-20T22:48:06+05:00" level=info msg="Setting up gin engine..."
time="2025-01-20T22:51:04+05:00" level=info msg="Getting DB config..."
time="2025-01-20T22:51:04+05:00" level=info msg="Successfully loaded DB config"
time="2025-01-20T22:51:04+05:00" level=info msg="Connecting to DB..."
time="2025-01-20T22:51:07+05:00" level=info msg="Successfully established connection with DB"
time="2025-01-20T22:51:07+05:00" level=info msg="Setting up gin engine..."
time="2025-01-20T22:51:38+05:00" level=info msg="Getting DB config..."
time="2025-01-20T22:51:38+05:00" level=info msg="Successfully loaded DB config"
time="2025-01-20T22:51:38+05:00" level=info msg="Connecting to DB..."
time="2025-01-20T22:51:41+05:00" level=info msg="Successfully established connection with DB"
time="2025-01-20T22:51:41+05:00" level=info msg="Setting up gin engine..."
time="2025-01-20T22:52:50+05:00" level=info msg="Getting DB config..."
time="2025-01-20T22:52:50+05:00" level=info msg="Successfully loaded DB config"
time="2025-01-20T22:52:50+05:00" level=info msg="Connecting to DB..."
time="2025-01-20T22:52:53+05:00" level=info msg="Successfully established connection with DB"
time="2025-01-20T22:52:53+05:00" level=info msg="Setting up gin engine..."
time="2025-01-20T22:54:19+05:00" level=info msg="Getting DB config..."
time="2025-01-20T22:54:19+05:00" level=info msg="Successfully loaded DB config"
time="2025-01-20T22:54:19+05:00" level=info msg="Connecting to DB..."
time="2025-01-20T22:54:23+05:00" level=info msg="Successfully established connection with DB"
time="2025-01-20T22:54:23+05:00" level=info msg="Setting up gin engine..."
time="2025-01-20T22:55:00+05:00" level=info msg="Getting DB config..."
time="2025-01-20T22:55:00+05:00" level=info msg="Successfully loaded DB config"
time="2025-01-20T22:55:00+05:00" level=info msg="Connecting to DB..."
time="2025-01-20T22:55:03+05:00" level=info msg="Successfully established connection with DB"
time="2025-01-20T22:55:03+05:00" level=info msg="Setting up gin engine..."
time="2025-01-20T22:55:48+05:00" level=info msg="Getting DB config..."
time="2025-01-20T22:55:48+05:00" level=info msg="Successfully loaded DB config"
time="2025-01-20T22:55:48+05:00" level=info msg="Connecting to DB..."
time="2025-01-20T22:55:51+05:00" level=info msg="Successfully established connection with DB"
time="2025-01-20T22:55:51+05:00" level=info msg="Setting up gin engine..."
time="2025-01-20T22:57:31+05:00" level=info msg="Getting DB config..."
time="2025-01-20T22:57:31+05:00" level=info msg="Successfully loaded DB config"
time="2025-01-20T22:57:31+05:00" level=info msg="Connecting to DB..."
time="2025-01-20T22:57:34+05:00" level=info msg="Successfully established connection with DB"
time="2025-01-20T22:57:34+05:00" level=info msg="Setting up gin engine..."
time="2025-01-20T22:58:14+05:00" level=info msg="Getting DB config..."
time="2025-01-20T22:58:14+05:00" level=info msg="Successfully loaded DB config"
time="2025-01-20T22:58:14+05:00" level=info msg="Connecting to DB..."
time="2025-01-20T22:58:17+05:00" level=info msg="Successfully established connection with DB"
time="2025-01-20T22:58:17+05:00" level=info msg="Setting up gin engine..."
time="2025-01-20T22:59:46+05:00" level=info msg="Getting DB config..."
time="2025-01-20T22:59:46+05:00" level=info msg="Successfully loaded DB config"
time="2025-01-20T22:59:46+05:00" level=info msg="Connecting to DB..."
time="2025-01-20T22:59:49+05:00" level=info msg="Successfully established connection with DB"
time="2025-01-20T22:59:49+05:00" level=info msg="Setting up gin engine..."
time="2025-01-20T23:00:34+05:00" level=info msg="Getting DB config..."
time="2025-01-20T23:00:34+05:00" level=info msg="Successfully loaded DB config"
time="2025-01-20T23:00:34+05:00" level=info msg="Connecting to DB..."
time="2025-01-20T23:00:37+05:00" level=info msg="Successfully established connection with DB"
time="2025-01-20T23:00:37+05:00" level=info msg="Setting up gin engine..."
time="2025-01-21T17:26:52+05:00" level=info msg="Getting DB config..."
time="2025-01-21T17:26:52+05:00" level=info msg="Successfully loaded DB config"
time="2025-01-21T17:26:52+05:00" level=info msg="Connecting to DB..."
time="2025-01-21T17:26:56+05:00" level=info msg="Successfully established connection with DB"
time="2025-01-21T17:26:56+05:00" level=info msg="Setting up gin engine..."
time="2025-01-21T17:30:00+05:00" level=info msg="Getting DB config..."
time="2025-01-21T17:30:00+05:00" level=info msg="Successfully loaded DB config"
time="2025-01-21T17:30:00+05:00" level=info msg="Connecting to DB..."
time="2025-01-21T17:30:05+05:00" level=info msg="Successfully established connection with DB"
time="2025-01-21T17:30:05+05:00" level=info msg="Setting up gin engine..."
time="2025-01-21T17:31:39+05:00" level=info msg="Getting DB config..."
time="2025-01-21T17:31:39+05:00" level=info msg="Successfully loaded DB config"
time="2025-01-21T17:31:39+05:00" level=info msg="Connecting to DB..."
time="2025-01-21T17:31:43+05:00" level=info msg="Successfully established connection with DB"
time="2025-01-21T17:31:43+05:00" level=info msg="Setting up gin engine..."
time="2025-01-21T17:33:18+05:00" level=info msg="Getting DB config..."
time="2025-01-21T17:33:18+05:00" level=info msg="Successfully loaded DB config"
time="2025-01-21T17:33:18+05:00" level=info msg="Connecting to DB..."
time="2025-01-21T17:33:22+05:00" level=info msg="Successfully established connection with DB"
time="2025-01-21T17:33:22+05:00" level=info msg="Setting up gin engine..."
time="2025-01-21T17:36:49+05:00" level=info msg="Getting DB config..."
time="2025-01-21T17:36:49+05:00" level=info msg="Successfully loaded DB config"
time="2025-01-21T17:36:49+05:00" level=info msg="Connecting to DB..."
time="2025-01-21T17:36:52+05:00" level=info msg="Successfully established connection with DB"
time="2025-01-21T17:36:52+05:00" level=info msg="Setting up gin engine..."
time="2025-01-21T17:42:23+05:00" level=info msg="Getting DB config..."
time="2025-01-21T17:42:23+05:00" level=info msg="Successfully loaded DB config"
time="2025-01-21T17:42:23+05:00" level=info msg="Connecting to DB..."
time="2025-01-21T17:42:28+05:00" level=info msg="Successfully established connection with DB"
time="2025-01-21T17:42:28+05:00" level=info msg="Setting up gin engine..."
time="2025-01-21T17:44:25+05:00" level=info msg="Getting DB config..."
time="2025-01-21T17:44:25+05:00" level=info msg="Successfully loaded DB config"
time="2025-01-21T17:44:25+05:00" level=info msg="Connecting to DB..."
time="2025-01-21T17:44:28+05:00" level=info msg="Successfully established connection with DB"
time="2025-01-21T17:44:28+05:00" level=info msg="Setting up gin engine..."
time="2025-01-21T17:48:48+05:00" level=info msg="Getting DB config..."
time="2025-01-21T17:48:48+05:00" level=info msg="Successfully loaded DB config"
time="2025-01-21T17:48:48+05:00" level=info msg="Connecting to DB..."
time="2025-01-21T17:48:51+05:00" level=info msg="Successfully established connection with DB"
time="2025-01-21T17:48:51+05:00" level=info msg="Setting up gin engine..."
time="2025-01-21T17:51:06+05:00" level=info msg="Getting DB config..."
time="2025-01-21T17:51:06+05:00" level=info msg="Successfully loaded DB config"
time="2025-01-21T17:51:06+05:00" level=info msg="Connecting to DB..."
time="2025-01-21T17:51:09+05:00" level=info msg="Successfully established connection with DB"
time="2025-01-21T17:51:09+05:00" level=info msg="Setting up gin engine..."
time="2025-01-21T17:51:46+05:00" level=info msg="Getting DB config..."
time="2025-01-21T17:51:46+05:00" level=info msg="Successfully loaded DB config"
time="2025-01-21T17:51:46+05:00" level=info msg="Connecting to DB..."
time="2025-01-21T17:51:50+05:00" level=info msg="Successfully established connection with DB"
time="2025-01-21T17:51:50+05:00" level=info msg="Setting up gin engine..."
time="2025-01-21T17:55:50+05:00" level=info msg="Getting DB config..."
time="2025-01-21T17:55:50+05:00" level=info msg="Successfully loaded DB config"
time="2025-01-21T17:55:50+05:00" level=info msg="Connecting to DB..."
time="2025-01-21T17:55:54+05:00" level=info msg="Successfully established connection with DB"
time="2025-01-21T17:55:54+05:00" level=info msg="Setting up gin engine..."
time="2025-01-21T17:57:30+05:00" level=info msg="Getting DB config..."
time="2025-01-21T17:57:30+05:00" level=info msg="Successfully loaded DB config"
time="2025-01-21T17:57:30+05:00" level=info msg="Connecting to DB..."
time="2025-01-21T17:57:33+05:00" level=info msg="Successfully established connection with DB"
time="2025-01-21T17:57:33+05:00" level=info msg="Setting up gin engine..."
time="2025-01-21T17:58:04+05:00" level=info msg="Getting DB config..."
time="2025-01-21T17:58:04+05:00" level=info msg="Successfully loaded DB config"
time="2025-01-21T17:58:04+05:00" level=info msg="Connecting to DB..."
time="2025-01-21T17:58:08+05:00" level=info msg="Successfully established connection with DB"
time="2025-01-21T17:58:08+05:00" level=info msg="Setting up gin engine..."
time="2025-01-21T18:00:32+05:00" level=info msg="Getting DB config..."
time="2025-01-21T18:00:32+05:00" level=info msg="Successfully loaded DB config"
time="2025-01-21T18:00:32+05:00" level=info msg="Connecting to DB..."
time="2025-01-21T18:00:35+05:00" level=info msg="Successfully established connection with DB"
time="2025-01-21T18:00:35+05:00" level=info msg="Setting up gin engine..."
time="2025-01-21T18:00:56+05:00" level=info msg="Getting DB config..."
time="2025-01-21T18:00:56+05:00" level=info msg="Successfully loaded DB config"
time="2025-01-21T18:00:56+05:00" level=info msg="Connecting to DB..."
time="2025-01-21T18:00:59+05:00" level=info msg="Successfully established connection with DB"
time="2025-01-21T18:00:59+05:00" level=info msg="Setting up gin engine..."
time="2025-01-21T18:01:11+05:00" level=info msg="Getting DB config..."
time="2025-01-21T18:01:11+05:00" level=info msg="Successfully loaded DB config"
time="2025-01-21T18:01:11+05:00" level=info msg="Connecting to DB..."
time="2025-01-21T18:01:13+05:00" level=info msg="Successfully established connection with DB"
time="2025-01-21T18:01:13+05:00" level=info msg="Setting up gin engine..."
time="2025-01-21T18:20:03+05:00" level=info msg="Getting DB config..."
time="2025-01-21T18:20:03+05:00" level=info msg="Successfully loaded DB config"
time="2025-01-21T18:20:03+05:00" level=info msg="Connecting to DB..."
time="2025-01-21T18:20:07+05:00" level=info msg="Successfully established connection with DB"
time="2025-01-21T18:20:07+05:00" level=info msg="Setting up gin engine..."
time="2025-01-21T18:23:06+05:00" level=info msg="Getting DB config..."
time="2025-01-21T18:23:06+05:00" level=info msg="Successfully loaded DB config"
time="2025-01-21T18:23:06+05:00" level=info msg="Connecting to DB..."
time="2025-01-21T18:23:09+05:00" level=info msg="Successfully established connection with DB"
time="2025-01-21T18:23:09+05:00" level=info msg="Setting up gin engine..."
time="2025-01-21T18:25:05+05:00" level=info msg="Getting DB config..."
time="2025-01-21T18:25:05+05:00" level=info msg="Successfully loaded DB config"
time="2025-01-21T18:25:05+05:00" level=info msg="Connecting to DB..."
time="2025-01-21T18:25:08+05:00" level=info msg="Successfully established connection with DB"
time="2025-01-21T18:25:08+05:00" level=info msg="Setting up gin engine..."
time="2025-01-21T19:04:11+05:00" level=info msg="Getting DB config..."
time="2025-01-21T19:04:11+05:00" level=info msg="Successfully loaded DB config"
time="2025-01-21T19:04:11+05:00" level=info msg="Connecting to DB..."
time="2025-01-21T19:04:17+05:00" level=info msg="Successfully established connection with DB"
time="2025-01-21T19:04:17+05:00" level=info msg="Getting DB connection"
time="2025-01-21T19:04:17+05:00" level=info msg="Setting up gin engine..."
time="2025-01-21T19:06:22+05:00" level=info msg="Getting DB config..."
time="2025-01-21T19:06:22+05:00" level=info msg="Successfully loaded DB config"
time="2025-01-21T19:06:22+05:00" level=info msg="Connecting to DB..."
time="2025-01-21T19:06:25+05:00" level=info msg="Successfully established connection with DB"
time="2025-01-21T19:06:25+05:00" level=info msg="Getting DB connection"
time="2025-01-21T19:06:25+05:00" level=info msg="Setting up gin engine..."
time="2025-01-21T19:06:46+05:00" level=error msg="Erorr during getting register page missing destination name username in *[]models.EduProgram"
time="2025-01-21T19:08:20+05:00" level=info msg="Getting DB config..."
time="2025-01-21T19:08:20+05:00" level=info msg="Successfully loaded DB config"
time="2025-01-21T19:08:20+05:00" level=info msg="Connecting to DB..."
time="2025-01-21T19:08:23+05:00" level=info msg="Successfully established connection with DB"
time="2025-01-21T19:08:23+05:00" level=info msg="Getting DB connection"
time="2025-01-21T19:08:23+05:00" level=info msg="Setting up gin engine..."
time="2025-01-21T19:21:55+05:00" level=info msg="Getting DB config..."
time="2025-01-21T19:21:55+05:00" level=info msg="Successfully loaded DB config"
time="2025-01-21T19:21:55+05:00" level=info msg="Connecting to DB..."
time="2025-01-21T19:21:59+05:00" level=info msg="Successfully established connection with DB"
time="2025-01-21T19:21:59+05:00" level=info msg="Getting DB connection"
time="2025-01-21T19:21:59+05:00" level=info msg="Setting up gin engine..."
time="2025-01-21T19:22:59+05:00" level=error msg="Error during registration strconv.ParseUint: parsing \"Select your educational program\": invalid syntax"
time="2025-01-21T19:23:03+05:00" level=error msg="Error during registration strconv.ParseUint: parsing \"Select your educational program\": invalid syntax"
time="2025-01-21T19:23:13+05:00" level=error msg="Error during registration strconv.ParseUint: parsing \"Select your educational program\": invalid syntax"
time="2025-01-21T19:23:47+05:00" level=info msg="Getting DB config..."
time="2025-01-21T19:23:47+05:00" level=info msg="Successfully loaded DB config"
time="2025-01-21T19:23:47+05:00" level=info msg="Connecting to DB..."
time="2025-01-21T19:23:50+05:00" level=info msg="Successfully established connection with DB"
time="2025-01-21T19:23:50+05:00" level=info msg="Getting DB connection"
time="2025-01-21T19:23:50+05:00" level=info msg="Setting up gin engine..."
time="2025-01-21T19:24:03+05:00" level=error msg="Error during registration strconv.ParseUint: parsing \"Select your educational program\": invalid syntax"
time="2025-01-21T19:24:04+05:00" level=error msg="Error during registration strconv.ParseUint: parsing \"Select your educational program\": invalid syntax"
time="2025-01-21T19:24:06+05:00" level=error msg="Error during registration strconv.ParseUint: parsing \"Select your educational program\": invalid syntax"
time="2025-01-22T09:00:09+05:00" level=info msg="Getting DB config..."
time="2025-01-22T09:00:09+05:00" level=info msg="Successfully loaded DB config"
time="2025-01-22T09:00:09+05:00" level=info msg="Connecting to DB..."
time="2025-01-22T09:00:12+05:00" level=info msg="Successfully established connection with DB"
time="2025-01-22T09:00:12+05:00" level=info msg="Getting DB connection"
time="2025-01-22T09:00:12+05:00" level=info msg="Getting DB connection"
time="2025-01-22T09:00:12+05:00" level=info msg="Setting up gin engine..."
time="2025-01-22T09:01:24+05:00" level=error msg="Error during registration pq: syntax error at or near \"$\""
time="2025-01-22T09:02:14+05:00" level=info msg="Getting DB config..."
time="2025-01-22T09:02:14+05:00" level=info msg="Successfully loaded DB config"
time="2025-01-22T09:02:14+05:00" level=info msg="Connecting to DB..."
time="2025-01-22T09:02:17+05:00" level=info msg="Successfully established connection with DB"
time="2025-01-22T09:02:17+05:00" level=info msg="Getting DB connection"
time="2025-01-22T09:02:17+05:00" level=info msg="Getting DB connection"
time="2025-01-22T09:02:17+05:00" level=info msg="Setting up gin engine..."
time="2025-01-22T09:02:52+05:00" level=error msg="Error during registration pq: got 2 parameters but the statement requires 7"
time="2025-01-22T09:04:53+05:00" level=info msg="Getting DB config..."
time="2025-01-22T09:04:53+05:00" level=info msg="Successfully loaded DB config"
time="2025-01-22T09:04:53+05:00" level=info msg="Connecting to DB..."
time="2025-01-22T09:04:57+05:00" level=info msg="Successfully established connection with DB"
time="2025-01-22T09:04:57+05:00" level=info msg="Getting DB connection"
time="2025-01-22T09:04:57+05:00" level=info msg="Getting DB connection"
time="2025-01-22T09:04:57+05:00" level=info msg="Setting up gin engine..."
time="2025-01-22T09:05:15+05:00" level=error msg="Error during registration missing destination name password in *models.User"
time="2025-01-22T09:09:08+05:00" level=info msg="Getting DB config..."
time="2025-01-22T09:09:08+05:00" level=info msg="Successfully loaded DB config"
time="2025-01-22T09:09:08+05:00" level=info msg="Connecting to DB..."
time="2025-01-22T09:09:11+05:00" level=info msg="Successfully established connection with DB"
time="2025-01-22T09:09:11+05:00" level=info msg="Getting DB connection"
time="2025-01-22T09:09:11+05:00" level=info msg="Getting DB connection"
time="2025-01-22T09:09:11+05:00" level=info msg="Setting up gin engine..."
time="2025-01-22T09:09:41+05:00" level=error msg="Error during registration missing destination name password in *models.User"
time="2025-01-22T09:11:14+05:00" level=info msg="Getting DB config..."
time="2025-01-22T09:11:14+05:00" level=info msg="Successfully loaded DB config"
time="2025-01-22T09:11:14+05:00" level=info msg="Connecting to DB..."
time="2025-01-22T09:11:17+05:00" level=info msg="Successfully established connection with DB"
time="2025-01-22T09:11:17+05:00" level=info msg="Getting DB connection"
time="2025-01-22T09:11:17+05:00" level=info msg="Getting DB connection"
time="2025-01-22T09:11:17+05:00" level=info msg="Setting up gin engine..."
time="2025-01-22T09:12:10+05:00" level=error msg="Error during registration missing destination name bio in *models.User"
time="2025-01-22T09:14:54+05:00" level=info msg="Getting DB config..."
time="2025-01-22T09:14:54+05:00" level=info msg="Successfully loaded DB config"
time="2025-01-22T09:14:54+05:00" level=info msg="Connecting to DB..."
time="2025-01-22T09:14:56+05:00" level=info msg="Successfully established connection with DB"
time="2025-01-22T09:14:56+05:00" level=info msg="Getting DB connection"
time="2025-01-22T09:14:56+05:00" level=info msg="Getting DB connection"
time="2025-01-22T09:14:56+05:00" level=info msg="Setting up gin engine..."
time="2025-01-22T09:15:17+05:00" level=error msg="Error during registration missing destination name bio in *models.User"
time="2025-01-22T09:16:51+05:00" level=info msg="Getting DB config..."
time="2025-01-22T09:16:51+05:00" level=info msg="Successfully loaded DB config"
time="2025-01-22T09:16:51+05:00" level=info msg="Connecting to DB..."
time="2025-01-22T09:16:54+05:00" level=info msg="Successfully established connection with DB"
time="2025-01-22T09:16:54+05:00" level=info msg="Getting DB connection"
time="2025-01-22T09:16:54+05:00" level=info msg="Getting DB connection"
time="2025-01-22T09:16:54+05:00" level=info msg="Setting up gin engine..."
time="2025-01-22T09:18:42+05:00" level=error msg="Error during registration missing destination name group_id in *models.User"
time="2025-01-22T09:19:41+05:00" level=info msg="Getting DB config..."
time="2025-01-22T09:19:41+05:00" level=info msg="Successfully loaded DB config"
time="2025-01-22T09:19:41+05:00" level=info msg="Connecting to DB..."
time="2025-01-22T09:19:44+05:00" level=info msg="Successfully established connection with DB"
time="2025-01-22T09:19:44+05:00" level=info msg="Getting DB connection"
time="2025-01-22T09:19:44+05:00" level=info msg="Getting DB connection"
time="2025-01-22T09:19:44+05:00" level=info msg="Setting up gin engine..."
time="2025-01-22T09:20:15+05:00" level=error msg="Error during registration pq: duplicate key value violates unique constraint \"users_email_unique\""
time="2025-01-22T09:21:17+05:00" level=error msg="Error during registration sql: Scan error on column index 6, name \"bio\": converting NULL to string is unsupported"
time="2025-01-22T11:05:49+05:00" level=info msg="Getting DB config..."
time="2025-01-22T11:05:49+05:00" level=info msg="Successfully loaded DB config"
time="2025-01-22T11:05:49+05:00" level=info msg="Connecting to DB..."
time="2025-01-22T11:05:52+05:00" level=info msg="Successfully established connection with DB"
time="2025-01-22T11:05:52+05:00" level=info msg="Getting DB connection"
time="2025-01-22T11:05:52+05:00" level=info msg="Getting DB connection"
time="2025-01-22T11:05:52+05:00" level=info msg="Getting DB connection"
time="2025-01-22T11:05:52+05:00" level=info msg="Setting up gin engine..."
time="2025-01-22T11:07:26+05:00" level=info msg="Getting DB config..."
time="2025-01-22T11:07:26+05:00" level=info msg="Successfully loaded DB config"
time="2025-01-22T11:07:26+05:00" level=info msg="Connecting to DB..."
time="2025-01-22T11:07:29+05:00" level=info msg="Successfully established connection with DB"
time="2025-01-22T11:07:29+05:00" level=info msg="Getting DB connection"
time="2025-01-22T11:07:29+05:00" level=info msg="Getting DB connection"
time="2025-01-22T11:07:29+05:00" level=info msg="Getting DB connection"
time="2025-01-22T11:07:29+05:00" level=info msg="Setting up gin engine..."
time="2025-01-22T11:09:26+05:00" level=info msg="Getting DB config..."
time="2025-01-22T11:09:26+05:00" level=info msg="Successfully loaded DB config"
time="2025-01-22T11:09:26+05:00" level=info msg="Connecting to DB..."
time="2025-01-22T11:09:29+05:00" level=info msg="Successfully established connection with DB"
time="2025-01-22T11:09:29+05:00" level=info msg="Getting DB connection"
time="2025-01-22T11:09:29+05:00" level=info msg="Getting DB connection"
time="2025-01-22T11:09:29+05:00" level=info msg="Getting DB connection"
time="2025-01-22T11:09:29+05:00" level=info msg="Setting up gin engine..."
time="2025-01-22T11:09:38+05:00" level=error msg="Erorr during getting register page pq: column g.name does not exist"
time="2025-01-22T11:17:46+05:00" level=info msg="Getting DB config..."
time="2025-01-22T11:17:46+05:00" level=info msg="Successfully loaded DB config"
time="2025-01-22T11:17:46+05:00" level=info msg="Connecting to DB..."
time="2025-01-22T11:17:49+05:00" level=info msg="Successfully established connection with DB"
time="2025-01-22T11:17:49+05:00" level=info msg="Getting DB connection"
time="2025-01-22T11:17:49+05:00" level=info msg="Getting DB connection"
time="2025-01-22T11:17:49+05:00" level=info msg="Getting DB connection"
time="2025-01-22T11:17:49+05:00" level=info msg="Setting up gin engine..."
time="2025-01-22T11:17:49+05:00" level=info msg="Successfully started the server"
time="2025-01-22T11:18:09+05:00" level=error msg="Erorr during getting register page sql: Scan error on column index 1, name \"year\": converting driver.Value type int64 (\"2024\") to a uint8: value out of range"
time="2025-01-22T11:19:50+05:00" level=info msg="Getting DB config..."
time="2025-01-22T11:19:50+05:00" level=info msg="Successfully loaded DB config"
time="2025-01-22T11:19:50+05:00" level=info msg="Connecting to DB..."
time="2025-01-22T11:19:53+05:00" level=info msg="Successfully established connection with DB"
time="2025-01-22T11:19:53+05:00" level=info msg="Getting DB connection"
time="2025-01-22T11:19:53+05:00" level=info msg="Getting DB connection"
time="2025-01-22T11:19:53+05:00" level=info msg="Getting DB connection"
time="2025-01-22T11:19:53+05:00" level=info msg="Setting up gin engine..."
time="2025-01-22T11:19:53+05:00" level=info msg="Successfully started the server"
time="2025-01-22T11:20:03+05:00" level=error msg="ERRROR sql: Scan error on column index 1, name \"year\": converting driver.Value type int64 (\"2024\") to a uint8: value out of range"
time="2025-01-22T11:20:03+05:00" level=error msg="Erorr during getting register page sql: Scan error on column index 1, name \"year\": converting driver.Value type int64 (\"2024\") to a uint8: value out of range"
time="2025-01-22T11:22:23+05:00" level=info msg="Getting DB config..."
time="2025-01-22T11:22:23+05:00" level=info msg="Successfully loaded DB config"
time="2025-01-22T11:22:23+05:00" level=info msg="Connecting to DB..."
time="2025-01-22T11:22:26+05:00" level=info msg="Successfully established connection with DB"
time="2025-01-22T11:22:26+05:00" level=info msg="Getting DB connection"
time="2025-01-22T11:22:26+05:00" level=info msg="Getting DB connection"
time="2025-01-22T11:22:26+05:00" level=info msg="Getting DB connection"
time="2025-01-22T11:22:26+05:00" level=info msg="Setting up gin engine..."
time="2025-01-22T11:22:26+05:00" level=info msg="Successfully started the server"
time="2025-01-22T11:24:02+05:00" level=info msg="Getting DB config..."
time="2025-01-22T11:24:02+05:00" level=info msg="Successfully loaded DB config"
time="2025-01-22T11:24:02+05:00" level=info msg="Connecting to DB..."
time="2025-01-22T11:24:05+05:00" level=info msg="Successfully established connection with DB"
time="2025-01-22T11:24:05+05:00" level=info msg="Getting DB connection"
time="2025-01-22T11:24:05+05:00" level=info msg="Getting DB connection"
time="2025-01-22T11:24:05+05:00" level=info msg="Getting DB connection"
time="2025-01-22T11:24:05+05:00" level=info msg="Setting up gin engine..."
time="2025-01-22T11:24:05+05:00" level=info msg="Successfully started the server"
time="2025-01-22T11:24:22+05:00" level=error msg="Erorr during getting register page pq: unnamed prepared statement does not exist"
time="2025-01-22T11:25:57+05:00" level=error msg="Erorr during getting register page pq: unnamed prepared statement does not exist"
time="2025-01-22T11:27:19+05:00" level=info msg="Getting DB config..."
time="2025-01-22T11:27:19+05:00" level=info msg="Successfully loaded DB config"
time="2025-01-22T11:27:19+05:00" level=info msg="Connecting to DB..."
time="2025-01-22T11:27:22+05:00" level=info msg="Successfully established connection with DB"
time="2025-01-22T11:27:22+05:00" level=info msg="Getting DB connection"
time="2025-01-22T11:27:22+05:00" level=info msg="Getting DB connection"
time="2025-01-22T11:27:22+05:00" level=info msg="Getting DB connection"
time="2025-01-22T11:27:22+05:00" level=info msg="Setting up gin engine..."
time="2025-01-22T11:27:22+05:00" level=info msg="Successfully started the server"
time="2025-01-22T11:29:08+05:00" level=info msg="Getting DB config..."
time="2025-01-22T11:29:08+05:00" level=info msg="Successfully loaded DB config"
time="2025-01-22T11:29:08+05:00" level=info msg="Connecting to DB..."
time="2025-01-22T11:29:11+05:00" level=info msg="Successfully established connection with DB"
time="2025-01-22T11:29:11+05:00" level=info msg="Getting DB connection"
time="2025-01-22T11:29:11+05:00" level=info msg="Getting DB connection"
time="2025-01-22T11:29:11+05:00" level=info msg="Getting DB connection"
time="2025-01-22T11:29:11+05:00" level=info msg="Setting up gin engine..."
time="2025-01-22T11:29:11+05:00" level=info msg="Successfully started the server"
time="2025-01-22T11:33:25+05:00" level=info msg="Getting DB config..."
time="2025-01-22T11:33:25+05:00" level=info msg="Successfully loaded DB config"
time="2025-01-22T11:33:25+05:00" level=info msg="Connecting to DB..."
time="2025-01-22T11:33:29+05:00" level=info msg="Successfully established connection with DB"
time="2025-01-22T11:33:29+05:00" level=info msg="Getting DB connection"
time="2025-01-22T11:33:29+05:00" level=info msg="Getting DB connection"
time="2025-01-22T11:33:29+05:00" level=info msg="Getting DB connection"
time="2025-01-22T11:33:29+05:00" level=info msg="Setting up gin engine..."
time="2025-01-22T11:33:29+05:00" level=info msg="Successfully started the server"
time="2025-01-22T11:34:28+05:00" level=info msg="Getting DB config..."
time="2025-01-22T11:34:28+05:00" level=info msg="Successfully loaded DB config"
time="2025-01-22T11:34:28+05:00" level=info msg="Connecting to DB..."
time="2025-01-22T11:34:32+05:00" level=info msg="Successfully established connection with DB"
time="2025-01-22T11:34:32+05:00" level=info msg="Getting DB connection"
time="2025-01-22T11:34:32+05:00" level=info msg="Getting DB connection"
time="2025-01-22T11:34:32+05:00" level=info msg="Getting DB connection"
time="2025-01-22T11:34:32+05:00" level=info msg="Setting up gin engine..."
time="2025-01-22T11:34:32+05:00" level=info msg="Successfully started the server"
time="2025-01-22T11:34:47+05:00" level=info msg="Getting DB config..."
time="2025-01-22T11:34:47+05:00" level=info msg="Successfully loaded DB config"
time="2025-01-22T11:34:47+05:00" level=info msg="Connecting to DB..."
time="2025-01-22T11:34:50+05:00" level=info msg="Successfully established connection with DB"
time="2025-01-22T11:34:50+05:00" level=info msg="Getting DB connection"
time="2025-01-22T11:34:50+05:00" level=info msg="Getting DB connection"
time="2025-01-22T11:34:50+05:00" level=info msg="Getting DB connection"
time="2025-01-22T11:34:50+05:00" level=info msg="Setting up gin engine..."
time="2025-01-22T11:34:50+05:00" level=info msg="Successfully started the server"
time="2025-01-22T11:35:04+05:00" level=info msg="Got groups"
time="2025-01-22T11:35:16+05:00" level=info msg="Got groups"
time="2025-01-22T11:35:24+05:00" level=info msg="Got groups"
time="2025-01-22T11:35:26+05:00" level=info msg="Got groups"
time="2025-01-22T11:35:28+05:00" level=info msg="Got groups"
time="2025-01-22T12:35:51+05:00" level=info msg="Getting DB config..."
time="2025-01-22T12:35:51+05:00" level=info msg="Successfully loaded DB config"
time="2025-01-22T12:35:51+05:00" level=info msg="Connecting to DB..."
time="2025-01-22T12:35:54+05:00" level=info msg="Successfully established connection with DB"
time="2025-01-22T12:35:54+05:00" level=info msg="Getting DB connection"
time="2025-01-22T12:35:54+05:00" level=info msg="Getting DB connection"
time="2025-01-22T12:35:54+05:00" level=info msg="Getting DB connection"
time="2025-01-22T12:35:54+05:00" level=info msg="Setting up gin engine..."
time="2025-01-22T12:35:54+05:00" level=info msg="Successfully started the server"
time="2025-01-22T12:37:16+05:00" level=info msg="Getting DB config..."
time="2025-01-22T12:37:16+05:00" level=info msg="Successfully loaded DB config"
time="2025-01-22T12:37:16+05:00" level=info msg="Connecting to DB..."
time="2025-01-22T12:37:18+05:00" level=info msg="Successfully established connection with DB"
time="2025-01-22T12:37:18+05:00" level=info msg="Getting DB connection"
time="2025-01-22T12:37:18+05:00" level=info msg="Getting DB connection"
time="2025-01-22T12:37:18+05:00" level=info msg="Getting DB connection"
time="2025-01-22T12:37:18+05:00" level=info msg="Setting up gin engine..."
time="2025-01-22T12:37:18+05:00" level=info msg="Successfully started the server"
time="2025-01-22T12:43:47+05:00" level=info msg="Getting DB config..."
time="2025-01-22T12:43:47+05:00" level=info msg="Successfully loaded DB config"
time="2025-01-22T12:43:47+05:00" level=info msg="Connecting to DB..."
time="2025-01-22T12:43:50+05:00" level=info msg="Successfully established connection with DB"
time="2025-01-22T12:43:50+05:00" level=info msg="Getting DB connection"
time="2025-01-22T12:43:50+05:00" level=info msg="Getting DB connection"
time="2025-01-22T12:43:50+05:00" level=info msg="Getting DB connection"
time="2025-01-22T12:43:50+05:00" level=info msg="Setting up gin engine..."
time="2025-01-22T12:43:50+05:00" level=info msg="Successfully started the server"
time="2025-01-22T12:44:41+05:00" level=info msg="Got groups"
time="2025-01-22T13:01:20+05:00" level=info msg="Getting DB config..."
time="2025-01-22T13:01:20+05:00" level=info msg="Successfully loaded DB config"
time="2025-01-22T13:01:20+05:00" level=info msg="Connecting to DB..."
time="2025-01-22T13:01:23+05:00" level=info msg="Successfully established connection with DB"
time="2025-01-22T13:01:23+05:00" level=info msg="Getting DB connection"
time="2025-01-22T13:01:23+05:00" level=info msg="Getting DB connection"
time="2025-01-22T13:01:23+05:00" level=info msg="Getting DB connection"
time="2025-01-22T13:01:23+05:00" level=info msg="Setting up gin engine..."
time="2025-01-22T13:01:23+05:00" level=info msg="Successfully started the server"
time="2025-01-22T13:03:22+05:00" level=info msg="Got groups"
time="2025-01-22T13:03:31+05:00" level=info msg="Got groups"
time="2025-01-22T13:03:34+05:00" level=info msg="Got groups"
time="2025-01-22T13:03:38+05:00" level=info msg="Got groups"
time="2025-01-22T13:03:42+05:00" level=info msg="Got groups"
time="2025-01-22T13:15:23+05:00" level=info msg="Getting DB config..."
time="2025-01-22T13:15:23+05:00" level=info msg="Successfully loaded DB config"
time="2025-01-22T13:15:23+05:00" level=info msg="Connecting to DB..."
time="2025-01-22T13:15:27+05:00" level=info msg="Successfully established connection with DB"
time="2025-01-22T13:15:27+05:00" level=info msg="Getting DB connection"
time="2025-01-22T13:15:27+05:00" level=info msg="Getting DB connection"
time="2025-01-22T13:15:27+05:00" level=info msg="Getting DB connection"
time="2025-01-22T13:15:27+05:00" level=info msg="Setting up gin engine..."
time="2025-01-22T13:15:27+05:00" level=info msg="Successfully started the server"
time="2025-01-22T13:17:45+05:00" level=info msg="Getting DB config..."
time="2025-01-22T13:17:45+05:00" level=info msg="Successfully loaded DB config"
time="2025-01-22T13:17:45+05:00" level=info msg="Connecting to DB..."
time="2025-01-22T13:17:48+05:00" level=info msg="Successfully established connection with DB"
time="2025-01-22T13:17:48+05:00" level=info msg="Getting DB connection"
time="2025-01-22T13:17:48+05:00" level=info msg="Getting DB connection"
time="2025-01-22T13:17:48+05:00" level=info msg="Getting DB connection"
time="2025-01-22T13:17:48+05:00" level=info msg="Setting up gin engine..."
time="2025-01-22T13:17:48+05:00" level=info msg="Successfully started the server"
time="2025-01-22T13:24:59+05:00" level=info msg="Getting DB config..."
time="2025-01-22T13:24:59+05:00" level=info msg="Successfully loaded DB config"
time="2025-01-22T13:24:59+05:00" level=info msg="Connecting to DB..."
time="2025-01-22T13:25:03+05:00" level=info msg="Successfully established connection with DB"
time="2025-01-22T13:25:03+05:00" level=info msg="Getting DB connection"
time="2025-01-22T13:25:03+05:00" level=info msg="Getting DB connection"
time="2025-01-22T13:25:03+05:00" level=info msg="Getting DB connection"
time="2025-01-22T13:25:03+05:00" level=info msg="Setting up gin engine..."
time="2025-01-22T13:25:03+05:00" level=info msg="Successfully started the server"
time="2025-01-22T13:26:34+05:00" level=info msg="Getting DB config..."
time="2025-01-22T13:26:34+05:00" level=info msg="Successfully loaded DB config"
time="2025-01-22T13:26:34+05:00" level=info msg="Connecting to DB..."
time="2025-01-22T13:26:37+05:00" level=info msg="Successfully established connection with DB"
time="2025-01-22T13:26:37+05:00" level=info msg="Getting DB connection"
time="2025-01-22T13:26:37+05:00" level=info msg="Getting DB connection"
time="2025-01-22T13:26:37+05:00" level=info msg="Getting DB connection"
time="2025-01-22T13:26:37+05:00" level=info msg="Setting up gin engine..."
time="2025-01-22T13:26:37+05:00" level=info msg="Successfully started the server"
time="2025-01-22T13:38:51+05:00" level=info msg="Getting DB config..."
time="2025-01-22T13:38:51+05:00" level=info msg="Successfully loaded DB config"
time="2025-01-22T13:38:51+05:00" level=info msg="Connecting to DB..."
time="2025-01-22T13:38:54+05:00" level=info msg="Successfully established connection with DB"
time="2025-01-22T13:38:54+05:00" level=info msg="Getting DB connection"
time="2025-01-22T13:38:54+05:00" level=info msg="Getting DB connection"
time="2025-01-22T13:38:54+05:00" level=info msg="Getting DB connection"
time="2025-01-22T13:38:54+05:00" level=info msg="Setting up gin engine..."
time="2025-01-22T13:38:54+05:00" level=info msg="Successfully started the server"
time="2025-01-22T13:40:44+05:00" level=info msg="Getting DB config..."
time="2025-01-22T13:40:44+05:00" level=info msg="Successfully loaded DB config"
time="2025-01-22T13:40:44+05:00" level=info msg="Connecting to DB..."
time="2025-01-22T13:40:47+05:00" level=info msg="Successfully established connection with DB"
time="2025-01-22T13:40:47+05:00" level=info msg="Getting DB connection"
time="2025-01-22T13:40:47+05:00" level=info msg="Getting DB connection"
time="2025-01-22T13:40:47+05:00" level=info msg="Getting DB connection"
time="2025-01-22T13:40:47+05:00" level=info msg="Setting up gin engine..."
time="2025-01-22T13:40:47+05:00" level=info msg="Successfully started the server"
time="2025-01-22T13:42:26+05:00" level=info msg="Getting DB config..."
time="2025-01-22T13:42:26+05:00" level=info msg="Successfully loaded DB config"
time="2025-01-22T13:42:26+05:00" level=info msg="Connecting to DB..."
time="2025-01-22T13:42:29+05:00" level=info msg="Successfully established connection with DB"
time="2025-01-22T13:42:29+05:00" level=info msg="Getting DB connection"
time="2025-01-22T13:42:29+05:00" level=info msg="Getting DB connection"
time="2025-01-22T13:42:29+05:00" level=info msg="Getting DB connection"
time="2025-01-22T13:42:29+05:00" level=info msg="Setting up gin engine..."
time="2025-01-22T13:42:29+05:00" level=info msg="Successfully started the server"
time="2025-01-22T13:42:39+05:00" level=error msg="Error during getting the Group expected slice but got struct"
time="2025-01-22T13:43:39+05:00" level=info msg="Getting DB config..."
time="2025-01-22T13:43:39+05:00" level=info msg="Successfully loaded DB config"
time="2025-01-22T13:43:39+05:00" level=info msg="Connecting to DB..."
time="2025-01-22T13:43:41+05:00" level=info msg="Successfully established connection with DB"
time="2025-01-22T13:43:41+05:00" level=info msg="Getting DB connection"
time="2025-01-22T13:43:41+05:00" level=info msg="Getting DB connection"
time="2025-01-22T13:43:41+05:00" level=info msg="Getting DB connection"
time="2025-01-22T13:43:41+05:00" level=info msg="Setting up gin engine..."
time="2025-01-22T13:43:41+05:00" level=info msg="Successfully started the server"
time="2025-01-22T13:43:58+05:00" level=error msg="Error during getting group in service: expected slice but got struct"
time="2025-01-22T13:43:58+05:00" level=error msg="Error during getting the Group expected slice but got struct"
time="2025-01-22T13:44:31+05:00" level=info msg="Getting DB config..."
time="2025-01-22T13:44:31+05:00" level=info msg="Successfully loaded DB config"
time="2025-01-22T13:44:31+05:00" level=info msg="Connecting to DB..."
time="2025-01-22T13:44:34+05:00" level=info msg="Successfully established connection with DB"
time="2025-01-22T13:44:34+05:00" level=info msg="Getting DB connection"
time="2025-01-22T13:44:34+05:00" level=info msg="Getting DB connection"
time="2025-01-22T13:44:34+05:00" level=info msg="Getting DB connection"
time="2025-01-22T13:44:34+05:00" level=info msg="Setting up gin engine..."
time="2025-01-22T13:44:34+05:00" level=info msg="Successfully started the server"
time="2025-01-22T13:44:47+05:00" level=error msg="Error during getting group in service: missing destination name educational_program_id in *models.Group"
time="2025-01-22T13:44:47+05:00" level=error msg="Error during getting the Group missing destination name educational_program_id in *models.Group"
time="2025-01-22T13:45:43+05:00" level=info msg="Getting DB config..."
time="2025-01-22T13:45:43+05:00" level=info msg="Successfully loaded DB config"
time="2025-01-22T13:45:43+05:00" level=info msg="Connecting to DB..."
time="2025-01-22T13:45:47+05:00" level=info msg="Successfully established connection with DB"
time="2025-01-22T13:45:47+05:00" level=info msg="Getting DB connection"
time="2025-01-22T13:45:47+05:00" level=info msg="Getting DB connection"
time="2025-01-22T13:45:47+05:00" level=info msg="Getting DB connection"
time="2025-01-22T13:45:47+05:00" level=info msg="Setting up gin engine..."
time="2025-01-22T13:45:47+05:00" level=info msg="Successfully started the server"
time="2025-01-22T13:46:28+05:00" level=info msg="Getting DB config..."
time="2025-01-22T13:46:28+05:00" level=info msg="Successfully loaded DB config"
time="2025-01-22T13:46:28+05:00" level=info msg="Connecting to DB..."
time="2025-01-22T13:46:30+05:00" level=info msg="Successfully established connection with DB"
time="2025-01-22T13:46:30+05:00" level=info msg="Getting DB connection"
time="2025-01-22T13:46:30+05:00" level=info msg="Getting DB connection"
time="2025-01-22T13:46:30+05:00" level=info msg="Getting DB connection"
time="2025-01-22T13:46:30+05:00" level=info msg="Setting up gin engine..."
time="2025-01-22T13:46:30+05:00" level=info msg="Successfully started the server"
time="2025-01-22T13:47:46+05:00" level=info msg="Got groups"
time="2025-01-22T13:48:23+05:00" level=info msg="Got groups"
time="2025-01-22T13:48:24+05:00" level=info msg="Got groups"
time="2025-01-22T13:48:29+05:00" level=info msg="Got groups"
time="2025-01-22T13:48:37+05:00" level=info msg="Got groups"
time="2025-01-22T14:43:53+05:00" level=info msg="Getting DB config..."
time="2025-01-22T14:43:53+05:00" level=info msg="Successfully loaded DB config"
time="2025-01-22T14:43:53+05:00" level=info msg="Connecting to DB..."
time="2025-01-22T14:43:59+05:00" level=info msg="Successfully established connection with DB"
time="2025-01-22T14:43:59+05:00" level=info msg="Getting DB connection"
time="2025-01-22T14:43:59+05:00" level=info msg="Getting DB connection"
time="2025-01-22T14:43:59+05:00" level=info msg="Getting DB connection"
time="2025-01-22T14:43:59+05:00" level=info msg="Setting up gin engine..."
time="2025-01-22T14:43:59+05:00" level=info msg="Successfully started the server"
time="2025-01-22T14:44:28+05:00" level=info msg="Getting DB connection"
time="2025-01-22T14:44:28+05:00" level=info msg="Getting DB connection"
time="2025-01-22T14:44:44+05:00" level=info msg="Got groups"
time="2025-01-22T14:45:08+05:00" level=info msg="Getting DB config..."
time="2025-01-22T14:45:08+05:00" level=info msg="Successfully loaded DB config"
time="2025-01-22T14:45:08+05:00" level=info msg="Connecting to DB..."
time="2025-01-22T14:45:12+05:00" level=info msg="Successfully established connection with DB"
time="2025-01-22T14:45:12+05:00" level=info msg="Getting DB connection"
time="2025-01-22T14:45:12+05:00" level=info msg="Getting DB connection"
time="2025-01-22T14:45:12+05:00" level=info msg="Getting DB connection"
time="2025-01-22T14:45:12+05:00" level=info msg="Setting up gin engine..."
time="2025-01-22T14:45:12+05:00" level=info msg="Successfully started the server"
time="2025-01-22T14:45:24+05:00" level=info msg="Getting DB connection"
time="2025-01-22T14:45:25+05:00" level=info msg="Getting DB connection"
time="2025-01-22T14:45:30+05:00" level=info msg="Got groups"
time="2025-01-22T14:45:39+05:00" level=error msg="Error during updating user pq: column \"program_name\" of relation \"users\" does not exist"
time="2025-01-22T14:47:21+05:00" level=info msg="Getting DB config..."
time="2025-01-22T14:47:21+05:00" level=info msg="Successfully loaded DB config"
time="2025-01-22T14:47:21+05:00" level=info msg="Connecting to DB..."
time="2025-01-22T14:47:24+05:00" level=info msg="Successfully established connection with DB"
time="2025-01-22T14:47:24+05:00" level=info msg="Getting DB connection"
time="2025-01-22T14:47:24+05:00" level=info msg="Getting DB connection"
time="2025-01-22T14:47:24+05:00" level=info msg="Getting DB connection"
time="2025-01-22T14:47:24+05:00" level=info msg="Setting up gin engine..."
time="2025-01-22T14:47:24+05:00" level=info msg="Successfully started the server"
time="2025-01-22T14:47:41+05:00" level=info msg="Getting DB connection"
time="2025-01-22T14:47:41+05:00" level=info msg="Getting DB connection"
time="2025-01-22T14:47:48+05:00" level=info msg="Got groups"
time="2025-01-22T14:47:52+05:00" level=error msg="Error during updating user sql: no rows in result set"
time="2025-01-22T14:50:00+05:00" level=info msg="Getting DB config..."
time="2025-01-22T14:50:00+05:00" level=info msg="Successfully loaded DB config"
time="2025-01-22T14:50:00+05:00" level=info msg="Connecting to DB..."
time="2025-01-22T14:50:04+05:00" level=info msg="Successfully established connection with DB"
time="2025-01-22T14:50:04+05:00" level=info msg="Getting DB connection"
time="2025-01-22T14:50:04+05:00" level=info msg="Getting DB connection"
time="2025-01-22T14:50:04+05:00" level=info msg="Getting DB connection"
time="2025-01-22T14:50:04+05:00" level=info msg="Setting up gin engine..."
time="2025-01-22T14:50:04+05:00" level=info msg="Successfully started the server"
time="2025-01-22T14:50:34+05:00" level=info msg="Getting DB connection"
time="2025-01-22T14:50:34+05:00" level=info msg="Getting DB connection"
time="2025-01-22T14:50:44+05:00" level=error msg="Error during direct update pq: unnamed prepared statement does not exist"
time="2025-01-22T14:50:44+05:00" level=error msg="Error during updating user pq: unnamed prepared statement does not exist"
time="2025-01-22T14:51:36+05:00" level=info msg="Getting DB config..."
time="2025-01-22T14:51:36+05:00" level=info msg="Successfully loaded DB config"
time="2025-01-22T14:51:36+05:00" level=info msg="Connecting to DB..."
time="2025-01-22T14:51:41+05:00" level=info msg="Successfully established connection with DB"
time="2025-01-22T14:51:41+05:00" level=info msg="Getting DB connection"
time="2025-01-22T14:51:41+05:00" level=info msg="Getting DB connection"
time="2025-01-22T14:51:41+05:00" level=info msg="Getting DB connection"
time="2025-01-22T14:51:41+05:00" level=info msg="Setting up gin engine..."
time="2025-01-22T14:51:41+05:00" level=info msg="Successfully started the server"
time="2025-01-22T14:52:01+05:00" level=info msg="Getting DB connection"
time="2025-01-22T14:52:01+05:00" level=info msg="Getting DB connection"
time="2025-01-22T14:52:07+05:00" level=info msg="Here is userID 0"
time="2025-01-22T14:52:07+05:00" level=error msg="Error during getting new user sql: no rows in result set"
time="2025-01-22T14:52:07+05:00" level=error msg="Error during updating user sql: no rows in result set"
time="2025-01-22T14:54:14+05:00" level=info msg="Getting DB config..."
time="2025-01-22T14:54:14+05:00" level=info msg="Successfully loaded DB config"
time="2025-01-22T14:54:14+05:00" level=info msg="Connecting to DB..."
time="2025-01-22T14:54:18+05:00" level=info msg="Successfully established connection with DB"
time="2025-01-22T14:54:18+05:00" level=info msg="Getting DB connection"
time="2025-01-22T14:54:18+05:00" level=info msg="Getting DB connection"
time="2025-01-22T14:54:18+05:00" level=info msg="Getting DB connection"
time="2025-01-22T14:54:18+05:00" level=info msg="Setting up gin engine..."
time="2025-01-22T14:54:18+05:00" level=info msg="Successfully started the server"
time="2025-01-22T14:54:24+05:00" level=info msg="Getting DB connection"
time="2025-01-22T14:54:24+05:00" level=info msg="Getting DB connection"
time="2025-01-22T14:54:47+05:00" level=info msg="Getting DB config..."
time="2025-01-22T14:54:47+05:00" level=info msg="Successfully loaded DB config"
time="2025-01-22T14:54:47+05:00" level=info msg="Connecting to DB..."
time="2025-01-22T14:54:50+05:00" level=info msg="Successfully established connection with DB"
time="2025-01-22T14:54:50+05:00" level=info msg="Getting DB connection"
time="2025-01-22T14:54:50+05:00" level=info msg="Getting DB connection"
time="2025-01-22T14:54:50+05:00" level=info msg="Getting DB connection"
time="2025-01-22T14:54:50+05:00" level=info msg="Setting up gin engine..."
time="2025-01-22T14:54:50+05:00" level=info msg="Successfully started the server"
time="2025-01-22T14:54:56+05:00" level=info msg="Getting DB connection"
time="2025-01-22T14:54:56+05:00" level=info msg="Getting DB connection"
time="2025-01-22T14:55:03+05:00" level=info msg="Here is userID 0"
time="2025-01-22T14:55:03+05:00" level=error msg="Error during getting new user sql: no rows in result set"
time="2025-01-22T14:55:03+05:00" level=error msg="Error during updating user sql: no rows in result set"
time="2025-01-22T14:55:44+05:00" level=info msg="Getting DB config..."
time="2025-01-22T14:55:44+05:00" level=info msg="Successfully loaded DB config"
time="2025-01-22T14:55:44+05:00" level=info msg="Connecting to DB..."
time="2025-01-22T14:55:48+05:00" level=info msg="Successfully established connection with DB"
time="2025-01-22T14:55:48+05:00" level=info msg="Getting DB connection"
time="2025-01-22T14:55:48+05:00" level=info msg="Getting DB connection"
time="2025-01-22T14:55:48+05:00" level=info msg="Getting DB connection"
time="2025-01-22T14:55:48+05:00" level=info msg="Setting up gin engine..."
time="2025-01-22T14:55:48+05:00" level=info msg="Successfully started the server"
time="2025-01-22T14:55:54+05:00" level=info msg="Getting DB connection"
time="2025-01-22T14:55:54+05:00" level=info msg="Getting DB connection"
time="2025-01-22T14:56:01+05:00" level=info msg="Here is userID 86"
time="2025-01-22T14:56:01+05:00" level=info msg="Getting DB connection"
time="2025-01-22T14:56:01+05:00" level=info msg="Getting DB connection"
time="2025-01-22T14:56:15+05:00" level=info msg="Getting DB connection"
time="2025-01-22T14:56:15+05:00" level=info msg="Getting DB connection"
time="2025-01-22T14:56:36+05:00" level=info msg="Got groups"
time="2025-01-22T14:56:39+05:00" level=info msg="Here is userID 86"
time="2025-01-22T14:56:40+05:00" level=info msg="Getting DB connection"
time="2025-01-22T14:56:40+05:00" level=info msg="Getting DB connection"
time="2025-01-22T15:40:26+05:00" level=info msg="Successfully loaded DB config"
time="2025-01-22T15:40:26+05:00" level=info msg="Connecting to DB..."
time="2025-01-22T15:40:31+05:00" level=info msg="Successfully established connection with DB"
time="2025-01-22T15:40:31+05:00" level=info msg="Getting DB connection"
time="2025-01-22T15:40:31+05:00" level=info msg="Getting DB connection"
time="2025-01-22T15:40:31+05:00" level=info msg="Getting DB connection"
time="2025-01-22T15:40:31+05:00" level=info msg="Setting up gin engine..."
time="2025-01-22T15:40:31+05:00" level=info msg="Successfully started the server"
time="2025-01-22T17:22:15+05:00" level=info msg="Successfully loaded DB config"
time="2025-01-22T17:22:15+05:00" level=info msg="Connecting to DB..."
time="2025-01-22T17:22:20+05:00" level=info msg="Successfully established connection with DB"
time="2025-01-22T17:22:20+05:00" level=info msg="Getting DB connection"
time="2025-01-22T17:22:20+05:00" level=info msg="Getting DB connection"
time="2025-01-22T17:22:20+05:00" level=info msg="Getting DB connection"
time="2025-01-22T17:22:20+05:00" level=info msg="Setting up gin engine..."
time="2025-01-22T17:22:20+05:00" level=info msg="Successfully started the server"
time="2025-01-22T17:23:41+05:00" level=info msg="Successfully loaded DB config"
time="2025-01-22T17:23:41+05:00" level=info msg="Connecting to DB..."
time="2025-01-22T17:23:45+05:00" level=info msg="Successfully established connection with DB"
time="2025-01-22T17:23:45+05:00" level=info msg="Getting DB connection"
time="2025-01-22T17:23:45+05:00" level=info msg="Getting DB connection"
time="2025-01-22T17:23:45+05:00" level=info msg="Getting DB connection"
time="2025-01-22T17:23:45+05:00" level=info msg="Setting up gin engine..."
time="2025-01-22T17:23:45+05:00" level=info msg="Successfully started the server"
time="2025-01-22T17:24:54+05:00" level=info msg="Successfully loaded DB config"
time="2025-01-22T17:24:54+05:00" level=info msg="Connecting to DB..."
time="2025-01-22T17:24:56+05:00" level=info msg="Successfully established connection with DB"
time="2025-01-22T17:24:56+05:00" level=info msg="Getting DB connection"
time="2025-01-22T17:24:56+05:00" level=info msg="Getting DB connection"
time="2025-01-22T17:24:56+05:00" level=info msg="Getting DB connection"
time="2025-01-22T17:24:56+05:00" level=info msg="Setting up gin engine..."
time="2025-01-22T17:24:56+05:00" level=info msg="Successfully started the server"
time="2025-01-22T17:25:06+05:00" level=info msg="claims are inexistant"
time="2025-01-22T17:25:15+05:00" level=info msg="claims are inexistant"
time="2025-01-22T17:27:53+05:00" level=info msg="Successfully loaded DB config"
time="2025-01-22T17:27:53+05:00" level=info msg="Connecting to DB..."
time="2025-01-22T17:27:56+05:00" level=info msg="Successfully established connection with DB"
time="2025-01-22T17:27:56+05:00" level=info msg="Getting DB connection"
time="2025-01-22T17:27:56+05:00" level=info msg="Getting DB connection"
time="2025-01-22T17:27:56+05:00" level=info msg="Getting DB connection"
time="2025-01-22T17:27:56+05:00" level=info msg="Setting up gin engine..."
time="2025-01-22T17:27:56+05:00" level=info msg="Successfully started the server"
time="2025-01-22T17:29:26+05:00" level=info msg="Successfully loaded DB config"
time="2025-01-22T17:29:26+05:00" level=info msg="Connecting to DB..."
time="2025-01-22T17:29:29+05:00" level=info msg="Successfully established connection with DB"
time="2025-01-22T17:29:29+05:00" level=info msg="Getting DB connection"
time="2025-01-22T17:29:29+05:00" level=info msg="Getting DB connection"
time="2025-01-22T17:29:29+05:00" level=info msg="Getting DB connection"
time="2025-01-22T17:29:29+05:00" level=info msg="Setting up gin engine..."
time="2025-01-22T17:29:29+05:00" level=info msg="Successfully started the server"
time="2025-01-22T17:29:38+05:00" level=info msg="map[exp:1.73755231e+09 user:map[bio:My bio educational_program:6 email:vitya@mail.ru group:30 id:86 name:Viktor passwd:vit program_name:Big Data in Healthcare public_name:Viktoooooor]]"
time="2025-01-22T17:30:34+05:00" level=info msg="Successfully loaded DB config"
time="2025-01-22T17:30:34+05:00" level=info msg="Connecting to DB..."
time="2025-01-22T17:30:37+05:00" level=info msg="Successfully established connection with DB"
time="2025-01-22T17:30:37+05:00" level=info msg="Getting DB connection"
time="2025-01-22T17:30:37+05:00" level=info msg="Getting DB connection"
time="2025-01-22T17:30:37+05:00" level=info msg="Getting DB connection"
time="2025-01-22T17:30:37+05:00" level=info msg="Setting up gin engine..."
time="2025-01-22T17:30:37+05:00" level=info msg="Successfully started the server"
time="2025-01-22T17:30:39+05:00" level=info msg="map[exp:1.73755231e+09 user:map[bio:My bio educational_program:6 email:vitya@mail.ru group:30 id:86 name:Viktor passwd:vit program_name:Big Data in Healthcare public_name:Viktoooooor]]"
time="2025-01-22T17:30:53+05:00" level=info msg="Successfully loaded DB config"
time="2025-01-22T17:30:53+05:00" level=info msg="Connecting to DB..."
time="2025-01-22T17:30:56+05:00" level=info msg="Successfully established connection with DB"
time="2025-01-22T17:30:56+05:00" level=info msg="Getting DB connection"
time="2025-01-22T17:30:56+05:00" level=info msg="Getting DB connection"
time="2025-01-22T17:30:56+05:00" level=info msg="Getting DB connection"
time="2025-01-22T17:30:56+05:00" level=info msg="Setting up gin engine..."
time="2025-01-22T17:30:56+05:00" level=info msg="Successfully started the server"
time="2025-01-22T17:32:18+05:00" level=info msg="Successfully loaded DB config"
time="2025-01-22T17:32:18+05:00" level=info msg="Connecting to DB..."
time="2025-01-22T17:32:22+05:00" level=info msg="Successfully established connection with DB"
time="2025-01-22T17:32:22+05:00" level=info msg="Getting DB connection"
time="2025-01-22T17:32:22+05:00" level=info msg="Getting DB connection"
time="2025-01-22T17:32:22+05:00" level=info msg="Getting DB connection"
time="2025-01-22T17:32:22+05:00" level=info msg="Setting up gin engine..."
time="2025-01-22T17:32:22+05:00" level=info msg="Successfully started the server"
time="2025-01-22T17:35:34+05:00" level=info msg="Successfully loaded DB config"
time="2025-01-22T17:35:34+05:00" level=info msg="Connecting to DB..."
time="2025-01-22T17:35:37+05:00" level=info msg="Successfully established connection with DB"
time="2025-01-22T17:35:37+05:00" level=info msg="Getting DB connection"
time="2025-01-22T17:35:37+05:00" level=info msg="Getting DB connection"
time="2025-01-22T17:35:37+05:00" level=info msg="Getting DB connection"
time="2025-01-22T17:35:37+05:00" level=info msg="Setting up gin engine..."
time="2025-01-22T17:35:37+05:00" level=info msg="Successfully started the server"
time="2025-01-22T17:38:53+05:00" level=info msg="Successfully loaded DB config"
time="2025-01-22T17:38:53+05:00" level=info msg="Connecting to DB..."
time="2025-01-22T17:38:56+05:00" level=info msg="Successfully established connection with DB"
time="2025-01-22T17:38:56+05:00" level=info msg="Getting DB connection"
time="2025-01-22T17:38:56+05:00" level=info msg="Getting DB connection"
time="2025-01-22T17:38:56+05:00" level=info msg="Getting DB connection"
time="2025-01-22T17:38:56+05:00" level=info msg="Setting up gin engine..."
time="2025-01-22T17:38:56+05:00" level=info msg="Successfully started the server"
time="2025-01-22T17:38:59+05:00" level=info msg="claims are inexistant"
time="2025-01-22T17:43:09+05:00" level=info msg="Successfully loaded DB config"
time="2025-01-22T17:43:09+05:00" level=info msg="Connecting to DB..."
time="2025-01-22T17:43:12+05:00" level=info msg="Successfully established connection with DB"
time="2025-01-22T17:43:12+05:00" level=info msg="Getting DB connection"
time="2025-01-22T17:43:12+05:00" level=info msg="Getting DB connection"
time="2025-01-22T17:43:12+05:00" level=info msg="Getting DB connection"
time="2025-01-22T17:43:12+05:00" level=info msg="Setting up gin engine..."
time="2025-01-22T17:43:12+05:00" level=info msg="Successfully started the server"
time="2025-01-22T17:43:22+05:00" level=info msg="Got groups"
time="2025-01-22T17:54:33+05:00" level=info msg="Successfully loaded DB config"
time="2025-01-22T17:54:33+05:00" level=info msg="Connecting to DB..."
time="2025-01-22T17:54:38+05:00" level=info msg="Successfully established connection with DB"
time="2025-01-22T17:54:38+05:00" level=info msg="Getting DB connection"
time="2025-01-22T17:54:38+05:00" level=info msg="Getting DB connection"
time="2025-01-22T17:54:38+05:00" level=info msg="Getting DB connection"
time="2025-01-22T17:54:38+05:00" level=info msg="Setting up gin engine..."
time="2025-01-22T17:54:38+05:00" level=info msg="Successfully started the server"
time="2025-01-22T17:59:42+05:00" level=info msg="Successfully loaded DB config"
time="2025-01-22T17:59:42+05:00" level=info msg="Connecting to DB..."
time="2025-01-22T17:59:45+05:00" level=info msg="Successfully established connection with DB"
time="2025-01-22T17:59:45+05:00" level=info msg="Getting DB connection"
time="2025-01-22T17:59:45+05:00" level=info msg="Getting DB connection"
time="2025-01-22T17:59:45+05:00" level=info msg="Getting DB connection"
time="2025-01-22T17:59:45+05:00" level=info msg="Setting up gin engine..."
time="2025-01-22T17:59:45+05:00" level=info msg="Successfully started the server"
time="2025-01-22T18:00:24+05:00" level=info msg="Got groups"
time="2025-01-23T12:02:15+05:00" level=info msg="Successfully loaded DB config"
time="2025-01-23T12:02:15+05:00" level=info msg="Connecting to DB..."
time="2025-01-23T12:02:15+05:00" level=error msg="Could not establish the connection to the DB! dial tcp: lookup ep-hidden-hill-a25btj53-pooler.eu-central-1.aws.neon.tech: no such host"
time="2025-01-23T12:02:15+05:00" level=error msg="Could not run DB migrations! Could not create migration failed to open database, \"postgres://neondb_owner:gAULe1SwkVB4@ep-hidden-hill-a25btj53-pooler.eu-central-1.aws.neon.tech:5432/aitu_moment?sslmode=require\": dial tcp: lookup ep-hidden-hill-a25btj53-pooler.eu-central-1.aws.neon.tech: no such host"
time="2025-01-23T12:02:15+05:00" level=info msg="Successfully established connection with DB"
time="2025-01-23T12:02:15+05:00" level=info msg="Getting DB connection"
time="2025-01-23T12:02:15+05:00" level=info msg="Getting DB connection"
time="2025-01-23T12:02:15+05:00" level=info msg="Getting DB connection"
time="2025-01-23T12:02:15+05:00" level=info msg="Setting up gin engine..."
time="2025-01-23T12:02:15+05:00" level=info msg="Successfully started the server"
time="2025-01-23T12:05:38+05:00" level=info msg="Successfully loaded DB config"
time="2025-01-23T12:05:38+05:00" level=info msg="Connecting to DB..."
time="2025-01-23T12:05:46+05:00" level=info msg="Successfully established connection with DB"
time="2025-01-23T12:05:46+05:00" level=info msg="Getting DB connection"
time="2025-01-23T12:05:46+05:00" level=info msg="Getting DB connection"
time="2025-01-23T12:05:46+05:00" level=info msg="Getting DB connection"
time="2025-01-23T12:05:46+05:00" level=info msg="Setting up gin engine..."
time="2025-01-23T12:05:46+05:00" level=info msg="Successfully started the server"
time="2025-01-23T12:09:08+05:00" level=info msg="Successfully loaded DB config"
time="2025-01-23T12:09:08+05:00" level=info msg="Connecting to DB..."
time="2025-01-23T12:09:08+05:00" level=error msg="Could not establish the connection to the DB! dial tcp: lookup ep-hidden-hill-a25btj53-pooler.eu-central-1.aws.neon.tech: no such host"
time="2025-01-23T12:09:08+05:00" level=error msg="Could not run DB migrations! Could not create migration failed to open database, \"postgres://neondb_owner:gAULe1SwkVB4@ep-hidden-hill-a25btj53-pooler.eu-central-1.aws.neon.tech:5432/aitu_moment?sslmode=require\": dial tcp: lookup ep-hidden-hill-a25btj53-pooler.eu-central-1.aws.neon.tech: no such host"
time="2025-01-23T12:09:08+05:00" level=info msg="Successfully established connection with DB"
time="2025-01-23T12:09:08+05:00" level=info msg="Getting DB connection"
time="2025-01-23T12:09:08+05:00" level=info msg="Getting DB connection"
time="2025-01-23T12:09:08+05:00" level=info msg="Getting DB connection"
time="2025-01-23T12:09:08+05:00" level=info msg="Setting up gin engine..."
time="2025-01-23T12:09:08+05:00" level=info msg="Successfully started the server"
time="2025-01-23T12:09:51+05:00" level=info msg="Successfully loaded DB config"
time="2025-01-23T12:09:51+05:00" level=info msg="Connecting to DB..."
time="2025-01-23T12:09:56+05:00" level=info msg="Successfully established connection with DB"
time="2025-01-23T12:09:56+05:00" level=info msg="Getting DB connection"
time="2025-01-23T12:09:56+05:00" level=info msg="Getting DB connection"
time="2025-01-23T12:09:56+05:00" level=info msg="Getting DB connection"
time="2025-01-23T12:09:56+05:00" level=info msg="Setting up gin engine..."
time="2025-01-23T12:09:56+05:00" level=info msg="Successfully started the server"
time="2025-01-26T14:59:32+05:00" level=info msg="Successfully loaded DB config"
time="2025-01-26T14:59:32+05:00" level=info msg="Connecting to DB..."
time="2025-01-26T14:59:36+05:00" level=info msg="Successfully established connection with DB"
time="2025-01-26T14:59:36+05:00" level=info msg="Getting DB connection"
time="2025-01-26T14:59:36+05:00" level=info msg="Getting DB connection"
time="2025-01-26T14:59:36+05:00" level=info msg="Getting DB connection"
time="2025-01-26T14:59:36+05:00" level=info msg="Setting up gin engine..."
time="2025-01-26T14:59:36+05:00" level=info msg="Successfully started the server"
time="2025-01-26T15:00:56+05:00" level=info msg="Got groups"
time="2025-01-26T15:00:59+05:00" level=info msg="Got groups"
time="2025-01-26T15:01:11+05:00" level=info msg="Got groups"
